<?xml version="1.0" encoding="UTF-8"?>
<!-- Generated by org.testng.reporters.JUnitReportReporter -->
<testsuite skipped="0" hostname="SIPL-39" name="test_framework.getting_all_namesavalibale_in_result" tests="1" failures="0" timestamp="10 Apr 2019 11:36:35 GMT" time="6.783" errors="0">
  <testcase name="getdata" time="6.783" classname="test_framework.getting_all_namesavalibale_in_result"/>
</testsuite> <!-- test_framework.getting_all_namesavalibale_in_result -->
