<?xml version="1.0" encoding="UTF-8"?>
<!-- Generated by org.testng.reporters.JUnitReportReporter -->
<testsuite skipped="0" hostname="SIPL-39" name="test_framework.getdata_from_google_map" tests="1" failures="0" timestamp="10 Apr 2019 11:36:35 GMT" time="0.470" errors="0">
  <testcase name="getdata" time="0.470" classname="test_framework.getdata_from_google_map"/>
</testsuite> <!-- test_framework.getdata_from_google_map -->
